<?xml version="1.0" encoding="UTF-8"?>
<testng-results ignored="0" total="5" passed="5" failed="0" skipped="0">
  <reporter-output>
  </reporter-output>
  <suite started-at="2025-03-20T13:57:19 IST" name="Suite" finished-at="2025-03-20T13:58:05 IST" duration-ms="46102">
    <groups>
    </groups>
    <test started-at="2025-03-20T13:57:19 IST" name="Test" finished-at="2025-03-20T13:58:05 IST" duration-ms="46102">
      <class name="TestCasePackage.TC_RoyalEnfield_004_Test">
        <test-method signature="launchRoyalEnfield()[pri:0, instance:TestCasePackage.TC_RoyalEnfield_004_Test@5f058f00]" started-at="2025-03-20T13:57:19 IST" name="launchRoyalEnfield" finished-at="2025-03-20T13:57:33 IST" duration-ms="13329" status="PASS">
          <reporter-output>
          </reporter-output>
        </test-method> <!-- launchRoyalEnfield -->
      </class> <!-- TestCasePackage.TC_RoyalEnfield_004_Test -->
      <class name="TestCasePackage.TC_LaunchKTM_003_Test">
        <test-method signature="launchKTM()[pri:0, instance:TestCasePackage.TC_LaunchKTM_003_Test@6e171cd7]" started-at="2025-03-20T13:57:33 IST" name="launchKTM" finished-at="2025-03-20T13:57:39 IST" duration-ms="5975" status="PASS">
          <reporter-output>
          </reporter-output>
        </test-method> <!-- launchKTM -->
      </class> <!-- TestCasePackage.TC_LaunchKTM_003_Test -->
      <class name="TestCasePackage.TC_LaunchJawa_002_Test">
        <test-method signature="launchJawa()[pri:0, instance:TestCasePackage.TC_LaunchJawa_002_Test@402bba4f]" started-at="2025-03-20T13:57:39 IST" name="launchJawa" finished-at="2025-03-20T13:58:05 IST" duration-ms="26736" status="PASS">
          <reporter-output>
          </reporter-output>
        </test-method> <!-- launchJawa -->
      </class> <!-- TestCasePackage.TC_LaunchJawa_002_Test -->
    </test> <!-- Test -->
  </suite> <!-- Suite -->
  <suite started-at="2025-03-20T13:58:05 IST" name="Suite (0)" finished-at="2025-03-20T13:58:20 IST" duration-ms="14286">
    <groups>
    </groups>
    <test started-at="2025-03-20T13:58:05 IST" name="Test" finished-at="2025-03-20T13:58:20 IST" duration-ms="14286">
      <class name="TestCasePackage.TC_BMW_006_Test">
        <test-method signature="launchBMW()[pri:0, instance:TestCasePackage.TC_BMW_006_Test@158d2680]" started-at="2025-03-20T13:58:05 IST" name="launchBMW" finished-at="2025-03-20T13:58:12 IST" duration-ms="6933" status="PASS">
          <reporter-output>
          </reporter-output>
        </test-method> <!-- launchBMW -->
      </class> <!-- TestCasePackage.TC_BMW_006_Test -->
      <class name="TestCasePackage.TC_Tata_005_Test">
        <test-method signature="launchtata()[pri:0, instance:TestCasePackage.TC_Tata_005_Test@77847718]" started-at="2025-03-20T13:58:12 IST" name="launchtata" finished-at="2025-03-20T13:58:20 IST" duration-ms="7352" status="PASS">
          <reporter-output>
          </reporter-output>
        </test-method> <!-- launchtata -->
      </class> <!-- TestCasePackage.TC_Tata_005_Test -->
    </test> <!-- Test -->
  </suite> <!-- Suite (0) -->
</testng-results>
