<?xml version="1.0" encoding="UTF-8"?>
<testng-results ignored="0" total="1" passed="1" failed="0" skipped="0">
  <reporter-output>
  </reporter-output>
  <suite started-at="2025-03-18T17:44:04 IST" name="Default suite" finished-at="2025-03-18T17:44:12 IST" duration-ms="8007">
    <groups>
    </groups>
    <test started-at="2025-03-18T17:44:04 IST" name="Default test" finished-at="2025-03-18T17:44:12 IST" duration-ms="8007">
      <class name="TestCasePackage.TC_LaunchKTM_003_Test">
        <test-method signature="launchKTM()[pri:0, instance:TestCasePackage.TC_LaunchKTM_003_Test@5af3afd9]" started-at="2025-03-18T17:44:04 IST" name="launchKTM" finished-at="2025-03-18T17:44:12 IST" duration-ms="7966" status="PASS">
          <reporter-output>
          </reporter-output>
        </test-method> <!-- launchKTM -->
      </class> <!-- TestCasePackage.TC_LaunchKTM_003_Test -->
    </test> <!-- Default test -->
  </suite> <!-- Default suite -->
</testng-results>
