<?xml version="1.0" encoding="UTF-8"?>
<!-- Generated by org.testng.reporters.JUnitXMLReporter -->
<testsuite ignored="0" hostname="Lenovo" failures="0" tests="3" name="Test2" time="35.559" errors="0" timestamp="2025-03-05T12:00:28 IST">
  <testcase classname="TestNGExecution.LaunchInstagram" name="f1" time="13.172"/>
  <testcase classname="TestNGExecution.LaunchFacebook" name="f" time="9.074"/>
  <testcase classname="TestNGExecution.LaunchTwitter" name="f3" time="13.272"/>
</testsuite> <!-- Test2 -->
