<?xml version="1.0" encoding="UTF-8"?>
<!-- Generated by org.testng.reporters.JUnitXMLReporter -->
<testsuite ignored="0" hostname="Lenovo" failures="0" tests="3" name="Test1" time="31.114" errors="0" timestamp="2025-03-05T12:00:24 IST">
  <testcase classname="TestNGExecution.LaunchInstagram" name="f1" time="11.205"/>
  <testcase classname="TestNGExecution.LaunchFacebook" name="f" time="8.4"/>
  <testcase classname="TestNGExecution.LaunchTwitter" name="f3" time="11.451"/>
</testsuite> <!-- Test1 -->
