<?xml version="1.0" encoding="UTF-8"?>
<!-- Generated by org.testng.reporters.JUnitXMLReporter -->
<testsuite ignored="0" hostname="Lenovo" failures="0" tests="3" name="Test" time="19.407" errors="0" timestamp="2025-03-17T17:14:50 IST">
  <testcase classname="TestNGExecution.LaunchFacebook" name="f" time="6.196"/>
  <testcase classname="TestNGExecution.LaunchInstagram" name="f1" time="5.683"/>
  <testcase classname="TestNGExecution.LaunchTwitter" name="f3" time="7.482"/>
</testsuite> <!-- Test -->
