<?xml version="1.0" encoding="UTF-8"?>
<!-- Generated by org.testng.reporters.JUnitXMLReporter -->
<testsuite ignored="0" hostname="Lenovo" failures="1" tests="7" name="Surefire test" time="62.838" errors="0" timestamp="2025-03-18T17:33:24 IST">
  <testcase classname="TestCasePackage.MavenParameterTest" name="launchGoogleUsingMavenParameterization" time="2.3">
    <failure type="java.lang.NullPointerException">
      <![CDATA[java.lang.NullPointerException
at java.base/java.util.Objects.requireNonNull(Objects.java:220)
at java.base/java.util.ImmutableCollections$Map1.<init>(ImmutableCollections.java:1112)
at java.base/java.util.Map.of(Map.java:1364)
at org.openqa.selenium.remote.DriverCommand.GET(DriverCommand.java:180)
at org.openqa.selenium.remote.RemoteWebDriver.get(RemoteWebDriver.java:301)
at TestCasePackage.MavenParameterTest.launchGoogleUsingMavenParameterization(MavenParameterTest.java:19)
at java.base/java.util.ArrayList.forEach(ArrayList.java:1597)
... Removed 30 stack frames]]>
    </failure>
  </testcase> <!-- launchGoogleUsingMavenParameterization -->
  <testcase classname="TestCasePackage.TC_BMW_006_Test" name="launchBMW" time="6.266"/>
  <testcase classname="TestCasePackage.TC_LaunchGoogle_001_Test" name="launchGoogle" time="3.748"/>
  <testcase classname="TestCasePackage.TC_LaunchJawa_002_Test" name="launchJawa" time="27.566"/>
  <testcase classname="TestCasePackage.TC_LaunchKTM_003_Test" name="launchKTM" time="6.932"/>
  <testcase classname="TestCasePackage.TC_RoyalEnfield_004_Test" name="launchRoyalEnfield" time="9.286"/>
  <testcase classname="TestCasePackage.TC_Tata_005_Test" name="launchtata" time="6.651"/>
</testsuite> <!-- Surefire test -->
