<?xml version="1.0" encoding="UTF-8"?>
<!-- Generated by org.testng.reporters.JUnitXMLReporter -->
<testsuite ignored="0" hostname="Lenovo" failures="0" tests="3" name="Test" time="46.102" errors="0" timestamp="2025-03-20T13:58:05 IST">
  <testcase classname="TestCasePackage.TC_RoyalEnfield_004_Test" name="launchRoyalEnfield" time="13.329"/>
  <testcase classname="TestCasePackage.TC_LaunchKTM_003_Test" name="launchKTM" time="5.975"/>
  <testcase classname="TestCasePackage.TC_LaunchJawa_002_Test" name="launchJawa" time="26.736"/>
</testsuite> <!-- Test -->
